\BOOKMARK [1][-]{section.1}{\376\377\000I\000n\000t\000r\000o\000d\000u\000c\000t\000i\000o\000n}{}% 1
\BOOKMARK [1][-]{section.2}{\376\377\000P\000r\000e\000l\000i\000m\000i\000n\000a\000r\000i\000e\000s}{}% 2
\BOOKMARK [2][-]{subsection.2.1}{\376\377\000H\000-\000d\000i\000m\000e\000n\000s\000i\000o\000n\000a\000l\000\040\000l\000i\000n\000e\000a\000r\000\040\000c\000a\000n\000o\000n\000i\000c\000a\000l\000\040\000t\000r\000a\000n\000s\000f\000o\000r\000m}{section.2}% 3
\BOOKMARK [2][-]{subsection.2.2}{\376\377\000L\000a\000t\000t\000i\000c\000e\000\040\000s\000a\000m\000p\000l\000e\000d\000\040\000s\000i\000g\000n\000a\000l\000\040\000a\000n\000d\000\040\000i\000t\000s\000\040\000H\000D\000\040\000L\000C\000T}{section.2}% 4
\BOOKMARK [1][-]{section.3}{\376\377\000R\000e\000c\000o\000n\000s\000t\000r\000u\000c\000t\000i\000o\000n\000\040\000o\000f\000\040\000u\000n\000i\000f\000o\000r\000m\000\040\000s\000i\000g\000n\000a\000l\000s\000\040\000f\000r\000o\000m\000\040\000n\000o\000n\000u\000n\000i\000f\000o\000r\000m\000\040\000s\000a\000m\000p\000l\000e\000s}{}% 5
\BOOKMARK [1][-]{section.4}{\376\377\000G\000u\000i\000d\000e\000l\000i\000n\000e\000s\000\040\000F\000o\000r\000\040\000M\000a\000n\000u\000s\000c\000r\000i\000p\000t\000\040\000P\000r\000e\000p\000a\000r\000a\000t\000i\000o\000n}{}% 6
\BOOKMARK [2][-]{subsection.4.1}{\376\377\000I\000n\000f\000o\000r\000m\000a\000t\000i\000o\000n\000\040\000f\000o\000r\000\040\000A\000u\000t\000h\000o\000r\000s}{section.4}% 7
\BOOKMARK [1][-]{section.5}{\376\377\000G\000u\000i\000d\000e\000l\000i\000n\000e\000s\000\040\000f\000o\000r\000\040\000G\000r\000a\000p\000h\000i\000c\000s\000\040\000P\000r\000e\000p\000a\000r\000a\000t\000i\000o\000n\000\040\000a\000n\000d\000\040\000S\000u\000b\000m\000i\000s\000s\000i\000o\000n}{}% 8
\BOOKMARK [2][-]{subsection.5.1}{\376\377\000T\000y\000p\000e\000s\000\040\000o\000f\000\040\000G\000r\000a\000p\000h\000i\000c\000s}{section.5}% 9
\BOOKMARK [3][-]{subsubsection.5.1.1}{\376\377\000C\000o\000l\000o\000r\000/\000G\000r\000a\000y\000s\000c\000a\000l\000e\000\040\000f\000i\000g\000u\000r\000e\000s}{subsection.5.1}% 10
\BOOKMARK [3][-]{subsubsection.5.1.2}{\376\377\000L\000i\000n\000e\000\040\000A\000r\000t\000\040\000f\000i\000g\000u\000r\000e\000s}{subsection.5.1}% 11
\BOOKMARK [3][-]{subsubsection.5.1.3}{\376\377\000T\000a\000b\000l\000e\000s}{subsection.5.1}% 12
\BOOKMARK [2][-]{subsection.5.2}{\376\377\000M\000u\000l\000t\000i\000p\000a\000r\000t\000\040\000f\000i\000g\000u\000r\000e\000s}{section.5}% 13
\BOOKMARK [2][-]{subsection.5.3}{\376\377\000F\000i\000l\000e\000\040\000F\000o\000r\000m\000a\000t\000s\000\040\000F\000o\000r\000\040\000G\000r\000a\000p\000h\000i\000c\000s}{section.5}% 14
\BOOKMARK [2][-]{subsection.5.4}{\376\377\000S\000i\000z\000i\000n\000g\000\040\000o\000f\000\040\000G\000r\000a\000p\000h\000i\000c\000s}{section.5}% 15
\BOOKMARK [2][-]{subsection.5.5}{\376\377\000R\000e\000s\000o\000l\000u\000t\000i\000o\000n\000\040}{section.5}% 16
\BOOKMARK [2][-]{subsection.5.6}{\376\377\000V\000e\000c\000t\000o\000r\000\040\000A\000r\000t}{section.5}% 17
\BOOKMARK [2][-]{subsection.5.7}{\376\377\000A\000c\000c\000e\000p\000t\000e\000d\000\040\000F\000o\000n\000t\000s\000\040\000W\000i\000t\000h\000i\000n\000\040\000F\000i\000g\000u\000r\000e\000s}{section.5}% 18
\BOOKMARK [2][-]{subsection.5.8}{\376\377\000U\000s\000i\000n\000g\000\040\000L\000a\000b\000e\000l\000s\000\040\000W\000i\000t\000h\000i\000n\000\040\000F\000i\000g\000u\000r\000e\000s}{section.5}% 19
\BOOKMARK [3][-]{subsubsection.5.8.1}{\376\377\000F\000i\000g\000u\000r\000e\000\040\000A\000x\000i\000s\000\040\000l\000a\000b\000e\000l\000s\000\040}{subsection.5.8}% 20
\BOOKMARK [3][-]{subsubsection.5.8.2}{\376\377\000S\000u\000b\000f\000i\000g\000u\000r\000e\000\040\000L\000a\000b\000e\000l\000s\000\040\000i\000n\000\040\000M\000u\000l\000t\000i\000p\000a\000r\000t\000\040\000F\000i\000g\000u\000r\000e\000s\000\040\000a\000n\000d\000\040\000T\000a\000b\000l\000e\000s}{subsection.5.8}% 21
\BOOKMARK [2][-]{subsection.5.9}{\376\377\000F\000i\000l\000e\000\040\000N\000a\000m\000i\000n\000g}{section.5}% 22
\BOOKMARK [2][-]{subsection.5.10}{\376\377\000R\000e\000f\000e\000r\000e\000n\000c\000i\000n\000g\000\040\000a\000\040\000F\000i\000g\000u\000r\000e\000\040\000o\000r\000\040\000T\000a\000b\000l\000e\000\040\000W\000i\000t\000h\000i\000n\000\040\000Y\000o\000u\000r\000\040\000P\000a\000p\000e\000r}{section.5}% 23
\BOOKMARK [2][-]{subsection.5.11}{\376\377\000C\000h\000e\000c\000k\000i\000n\000g\000\040\000Y\000o\000u\000r\000\040\000F\000i\000g\000u\000r\000e\000s\000:\000\040\000T\000h\000e\000\040\000I\000E\000E\000E\000\040\000G\000r\000a\000p\000h\000i\000c\000s\000\040\000A\000n\000a\000l\000y\000z\000e\000r}{section.5}% 24
\BOOKMARK [2][-]{subsection.5.12}{\376\377\000S\000u\000b\000m\000i\000t\000t\000i\000n\000g\000\040\000Y\000o\000u\000r\000\040\000G\000r\000a\000p\000h\000i\000c\000s}{section.5}% 25
\BOOKMARK [2][-]{subsection.5.13}{\376\377\000C\000o\000l\000o\000r\000\040\000P\000r\000o\000c\000e\000s\000s\000i\000n\000g\000/\000P\000r\000i\000n\000t\000i\000n\000g\000\040\000i\000n\000\040\000I\000E\000E\000E\000\040\000J\000o\000u\000r\000n\000a\000l\000s}{section.5}% 26
\BOOKMARK [1][-]{section.6}{\376\377\000C\000o\000n\000c\000l\000u\000s\000i\000o\000n}{}% 27
\BOOKMARK [2][-]{subsection.6.1}{\376\377\000R\000e\000f\000e\000r\000e\000n\000c\000e\000s}{section.6}% 28
\BOOKMARK [2][-]{subsection.6.2}{\376\377\000F\000o\000o\000t\000n\000o\000t\000e\000s}{section.6}% 29
\BOOKMARK [1][-]{section*.8}{}{}% 30
\BOOKMARK [1][-]{section*.11}{}{}% 31
\BOOKMARK [1][-]{section*.14}{}{}% 32
\BOOKMARK [1][-]{section*.17}{}{}% 33
\BOOKMARK [1][-]{section*.20}{}{}% 34
\BOOKMARK [1][-]{section*.23}{}{}% 35
\BOOKMARK [1][-]{section*.26}{}{}% 36
\BOOKMARK [1][-]{section*.29}{}{}% 37
\BOOKMARK [1][-]{section*.32}{}{}% 38
\BOOKMARK [1][-]{section*.35}{}{}% 39
\BOOKMARK [1][-]{section*.38}{}{}% 40
\BOOKMARK [1][-]{section*.40}{}{}% 41
\BOOKMARK [1][-]{section*.43}{}{}% 42
\BOOKMARK [1][-]{section*.46}{}{}% 43
\BOOKMARK [1][-]{section*.49}{}{}% 44
\BOOKMARK [1][-]{section*.52}{}{}% 45
\BOOKMARK [1][-]{section*.54}{}{}% 46
\BOOKMARK [1][-]{section*.56}{}{}% 47
